This file contains any messages produced by compilers while
running configure, to aid debugging if configure makes a mistake.

It was created by lora_detector configure 1.0.0, which was
generated by GNU Autoconf 2.69.  Invocation command line was

  $ ./configure --no-create --no-recursion

## --------- ##
## Platform. ##
## --------- ##

hostname = ttn-gateway
uname -m = x86_64
uname -r = 3.16.0-4-amd64
uname -s = Linux
uname -v = #1 SMP Debian 3.16.39-1 (2016-12-30)

/usr/bin/uname -p = unknown
/bin/uname -X     = unknown

/bin/arch              = unknown
/usr/bin/arch -k       = unknown
/usr/convex/getsysinfo = unknown
/usr/bin/hostinfo      = unknown
/bin/machine           = unknown
/usr/bin/oslevel       = unknown
/bin/universe          = unknown

PATH: /usr/local/sbin
PATH: /usr/local/bin
PATH: /usr/sbin
PATH: /usr/bin
PATH: /sbin
PATH: /bin
PATH: /usr/lib/jvm/java-8-oracle/bin
PATH: /usr/lib/jvm/java-8-oracle/db/bin
PATH: /usr/lib/jvm/java-8-oracle/jre/bin


## ----------- ##
## Core tests. ##
## ----------- ##

configure:2283: checking for a BSD-compatible install
configure:2351: result: /usr/bin/install -c
configure:2362: checking whether build environment is sane
configure:2417: result: yes
configure:2568: checking for a thread-safe mkdir -p
configure:2607: result: /bin/mkdir -p
configure:2614: checking for gawk
configure:2630: found /usr/bin/gawk
configure:2641: result: gawk
configure:2652: checking whether make sets $(MAKE)
configure:2674: result: yes
configure:2703: checking whether make supports nested variables
configure:2720: result: yes
configure:2860: checking for style of include used by make
configure:2888: result: GNU
configure:2959: checking for gcc
configure:2975: found /usr/bin/gcc
configure:2986: result: gcc
configure:3215: checking for C compiler version
configure:3224: gcc --version >&5
gcc (Debian 4.9.2-10) 4.9.2
Copyright (C) 2014 Free Software Foundation, Inc.
This is free software; see the source for copying conditions.  There is NO
warranty; not even for MERCHANTABILITY or FITNESS FOR A PARTICULAR PURPOSE.

configure:3235: $? = 0
configure:3224: gcc -v >&5
Using built-in specs.
COLLECT_GCC=gcc
COLLECT_LTO_WRAPPER=/usr/lib/gcc/x86_64-linux-gnu/4.9/lto-wrapper
Target: x86_64-linux-gnu
Configured with: ../src/configure -v --with-pkgversion='Debian 4.9.2-10' --with-bugurl=file:///usr/share/doc/gcc-4.9/README.Bugs --enable-languages=c,c++,java,go,d,fortran,objc,obj-c++ --prefix=/usr --program-suffix=-4.9 --enable-shared --enable-linker-build-id --libexecdir=/usr/lib --without-included-gettext --enable-threads=posix --with-gxx-include-dir=/usr/include/c++/4.9 --libdir=/usr/lib --enable-nls --with-sysroot=/ --enable-clocale=gnu --enable-libstdcxx-debug --enable-libstdcxx-time=yes --enable-gnu-unique-object --disable-vtable-verify --enable-plugin --with-system-zlib --disable-browser-plugin --enable-java-awt=gtk --enable-gtk-cairo --with-java-home=/usr/lib/jvm/java-1.5.0-gcj-4.9-amd64/jre --enable-java-home --with-jvm-root-dir=/usr/lib/jvm/java-1.5.0-gcj-4.9-amd64 --with-jvm-jar-dir=/usr/lib/jvm-exports/java-1.5.0-gcj-4.9-amd64 --with-arch-directory=amd64 --with-ecj-jar=/usr/share/java/eclipse-ecj.jar --enable-objc-gc --enable-multiarch --with-arch-32=i586 --with-abi=m64 --with-multilib-list=m32,m64,mx32 --enable-multilib --with-tune=generic --enable-checking=release --build=x86_64-linux-gnu --host=x86_64-linux-gnu --target=x86_64-linux-gnu
Thread model: posix
gcc version 4.9.2 (Debian 4.9.2-10) 
configure:3235: $? = 0
configure:3224: gcc -V >&5
gcc: error: unrecognized command line option '-V'
gcc: fatal error: no input files
compilation terminated.
configure:3235: $? = 4
configure:3224: gcc -qversion >&5
gcc: error: unrecognized command line option '-qversion'
gcc: fatal error: no input files
compilation terminated.
configure:3235: $? = 4
configure:3255: checking whether the C compiler works
configure:3277: gcc    conftest.c  >&5
configure:3281: $? = 0
configure:3329: result: yes
configure:3332: checking for C compiler default output file name
configure:3334: result: a.out
configure:3340: checking for suffix of executables
configure:3347: gcc -o conftest    conftest.c  >&5
configure:3351: $? = 0
configure:3373: result: 
configure:3395: checking whether we are cross compiling
configure:3403: gcc -o conftest    conftest.c  >&5
configure:3407: $? = 0
configure:3414: ./conftest
configure:3418: $? = 0
configure:3433: result: no
configure:3438: checking for suffix of object files
configure:3460: gcc -c   conftest.c >&5
configure:3464: $? = 0
configure:3485: result: o
configure:3489: checking whether we are using the GNU C compiler
configure:3508: gcc -c   conftest.c >&5
configure:3508: $? = 0
configure:3517: result: yes
configure:3526: checking whether gcc accepts -g
configure:3546: gcc -c -g  conftest.c >&5
configure:3546: $? = 0
configure:3587: result: yes
configure:3604: checking for gcc option to accept ISO C89
configure:3667: gcc  -c -g -O2  conftest.c >&5
configure:3667: $? = 0
configure:3680: result: none needed
configure:3705: checking whether gcc understands -c and -o together
configure:3727: gcc -c conftest.c -o conftest2.o
configure:3730: $? = 0
configure:3727: gcc -c conftest.c -o conftest2.o
configure:3730: $? = 0
configure:3742: result: yes
configure:3761: checking dependency style of gcc
configure:3872: result: gcc3
configure:3893: checking how to run the C preprocessor
configure:3924: gcc -E  conftest.c
configure:3924: $? = 0
configure:3938: gcc -E  conftest.c
conftest.c:11:28: fatal error: ac_nonexistent.h: No such file or directory
 #include <ac_nonexistent.h>
                            ^
compilation terminated.
configure:3938: $? = 1
configure: failed program was:
| /* confdefs.h */
| #define PACKAGE_NAME "lora_detector"
| #define PACKAGE_TARNAME "lora_detector"
| #define PACKAGE_VERSION "1.0.0"
| #define PACKAGE_STRING "lora_detector 1.0.0"
| #define PACKAGE_BUGREPORT "gre0071@vsb.cz"
| #define PACKAGE_URL ""
| #define PACKAGE "lora_detector"
| #define VERSION "1.0.0"
| /* end confdefs.h.  */
| #include <ac_nonexistent.h>
configure:3963: result: gcc -E
configure:3983: gcc -E  conftest.c
configure:3983: $? = 0
configure:3997: gcc -E  conftest.c
conftest.c:11:28: fatal error: ac_nonexistent.h: No such file or directory
 #include <ac_nonexistent.h>
                            ^
compilation terminated.
configure:3997: $? = 1
configure: failed program was:
| /* confdefs.h */
| #define PACKAGE_NAME "lora_detector"
| #define PACKAGE_TARNAME "lora_detector"
| #define PACKAGE_VERSION "1.0.0"
| #define PACKAGE_STRING "lora_detector 1.0.0"
| #define PACKAGE_BUGREPORT "gre0071@vsb.cz"
| #define PACKAGE_URL ""
| #define PACKAGE "lora_detector"
| #define VERSION "1.0.0"
| /* end confdefs.h.  */
| #include <ac_nonexistent.h>
configure:4026: checking for grep that handles long lines and -e
configure:4084: result: /bin/grep
configure:4089: checking for egrep
configure:4151: result: /bin/grep -E
configure:4156: checking for ANSI C header files
configure:4176: gcc -c -g -O2  conftest.c >&5
configure:4176: $? = 0
configure:4249: gcc -o conftest -g -O2   conftest.c  >&5
configure:4249: $? = 0
configure:4249: ./conftest
configure:4249: $? = 0
configure:4260: result: yes
configure:4273: checking for sys/types.h
configure:4273: gcc -c -g -O2  conftest.c >&5
configure:4273: $? = 0
configure:4273: result: yes
configure:4273: checking for sys/stat.h
configure:4273: gcc -c -g -O2  conftest.c >&5
configure:4273: $? = 0
configure:4273: result: yes
configure:4273: checking for stdlib.h
configure:4273: gcc -c -g -O2  conftest.c >&5
configure:4273: $? = 0
configure:4273: result: yes
configure:4273: checking for string.h
configure:4273: gcc -c -g -O2  conftest.c >&5
configure:4273: $? = 0
configure:4273: result: yes
configure:4273: checking for memory.h
configure:4273: gcc -c -g -O2  conftest.c >&5
configure:4273: $? = 0
configure:4273: result: yes
configure:4273: checking for strings.h
configure:4273: gcc -c -g -O2  conftest.c >&5
configure:4273: $? = 0
configure:4273: result: yes
configure:4273: checking for inttypes.h
configure:4273: gcc -c -g -O2  conftest.c >&5
configure:4273: $? = 0
configure:4273: result: yes
configure:4273: checking for stdint.h
configure:4273: gcc -c -g -O2  conftest.c >&5
configure:4273: $? = 0
configure:4273: result: yes
configure:4273: checking for unistd.h
configure:4273: gcc -c -g -O2  conftest.c >&5
configure:4273: $? = 0
configure:4273: result: yes
configure:4339: checking for pkg-config
configure:4357: found /usr/bin/pkg-config
configure:4369: result: /usr/bin/pkg-config
configure:4394: checking pkg-config is at least version 0.9.0
configure:4397: result: yes
configure:4408: checking getopt.h usability
configure:4408: gcc -c -g -O2  conftest.c >&5
configure:4408: $? = 0
configure:4408: result: yes
configure:4408: checking getopt.h presence
configure:4408: gcc -E  conftest.c
configure:4408: $? = 0
configure:4408: result: yes
configure:4408: checking for getopt.h
configure:4408: result: yes
configure:4421: checking for getopt_long
configure:4421: gcc -o conftest -g -O2   conftest.c  >&5
configure:4421: $? = 0
configure:4421: result: yes
configure:4421: checking for getopt
configure:4421: gcc -o conftest -g -O2   conftest.c  >&5
configure:4421: $? = 0
configure:4421: result: yes
configure:4544: checking for libtrap in parent directory
configure:4565: result: no
configure:4570: checking for libtrap
configure:4577: $PKG_CONFIG --exists --print-errors "libtrap"
configure:4580: $? = 0
configure:4594: $PKG_CONFIG --exists --print-errors "libtrap"
configure:4597: $? = 0
configure:4655: result: yes
configure:4716: checking for ur_processor.sh
configure:4734: found /usr/bin/nemea//ur_processor.sh
configure:4746: result: /usr/bin/nemea//ur_processor.sh
configure:4855: checking for unirec
configure:4862: $PKG_CONFIG --exists --print-errors "unirec"
configure:4865: $? = 0
configure:4879: $PKG_CONFIG --exists --print-errors "unirec"
configure:4882: $? = 0
configure:5098: result: yes
configure:5210: checking for nemea-common in parent directory
configure:5231: result: no
configure:5236: checking for nemeacommon
configure:5243: $PKG_CONFIG --exists --print-errors "nemea-common"
configure:5246: $? = 0
configure:5260: $PKG_CONFIG --exists --print-errors "nemea-common"
configure:5263: $? = 0
configure:5321: result: yes
configure:5386: checking for gcc
configure:5413: result: gcc
configure:5642: checking for C compiler version
configure:5651: gcc --version >&5
gcc (Debian 4.9.2-10) 4.9.2
Copyright (C) 2014 Free Software Foundation, Inc.
This is free software; see the source for copying conditions.  There is NO
warranty; not even for MERCHANTABILITY or FITNESS FOR A PARTICULAR PURPOSE.

configure:5662: $? = 0
configure:5651: gcc -v >&5
Using built-in specs.
COLLECT_GCC=gcc
COLLECT_LTO_WRAPPER=/usr/lib/gcc/x86_64-linux-gnu/4.9/lto-wrapper
Target: x86_64-linux-gnu
Configured with: ../src/configure -v --with-pkgversion='Debian 4.9.2-10' --with-bugurl=file:///usr/share/doc/gcc-4.9/README.Bugs --enable-languages=c,c++,java,go,d,fortran,objc,obj-c++ --prefix=/usr --program-suffix=-4.9 --enable-shared --enable-linker-build-id --libexecdir=/usr/lib --without-included-gettext --enable-threads=posix --with-gxx-include-dir=/usr/include/c++/4.9 --libdir=/usr/lib --enable-nls --with-sysroot=/ --enable-clocale=gnu --enable-libstdcxx-debug --enable-libstdcxx-time=yes --enable-gnu-unique-object --disable-vtable-verify --enable-plugin --with-system-zlib --disable-browser-plugin --enable-java-awt=gtk --enable-gtk-cairo --with-java-home=/usr/lib/jvm/java-1.5.0-gcj-4.9-amd64/jre --enable-java-home --with-jvm-root-dir=/usr/lib/jvm/java-1.5.0-gcj-4.9-amd64 --with-jvm-jar-dir=/usr/lib/jvm-exports/java-1.5.0-gcj-4.9-amd64 --with-arch-directory=amd64 --with-ecj-jar=/usr/share/java/eclipse-ecj.jar --enable-objc-gc --enable-multiarch --with-arch-32=i586 --with-abi=m64 --with-multilib-list=m32,m64,mx32 --enable-multilib --with-tune=generic --enable-checking=release --build=x86_64-linux-gnu --host=x86_64-linux-gnu --target=x86_64-linux-gnu
Thread model: posix
gcc version 4.9.2 (Debian 4.9.2-10) 
configure:5662: $? = 0
configure:5651: gcc -V >&5
gcc: error: unrecognized command line option '-V'
gcc: fatal error: no input files
compilation terminated.
configure:5662: $? = 4
configure:5651: gcc -qversion >&5
gcc: error: unrecognized command line option '-qversion'
gcc: fatal error: no input files
compilation terminated.
configure:5662: $? = 4
configure:5666: checking whether we are using the GNU C compiler
configure:5694: result: yes
configure:5703: checking whether gcc accepts -g
configure:5764: result: yes
configure:5781: checking for gcc option to accept ISO C89
configure:5857: result: none needed
configure:5882: checking whether gcc understands -c and -o together
configure:5919: result: yes
configure:5938: checking dependency style of gcc
configure:6049: result: gcc3
configure:6069: checking for libtrap
configure:6154: result: yes
configure:6170: checking for unirec
configure:6255: result: yes
configure:6270: checking for ur_processor.sh
configure:6300: result: /usr/bin/nemea//ur_processor.sh
configure:6326: checking for uint16_t
configure:6326: gcc -c -I/usr/local/include  -I/usr/local/include  -I/usr/local/include/nemea-common  -I/usr/local/include  -I/usr/local/include  -g -O2  conftest.c >&5
configure:6326: $? = 0
configure:6326: result: yes
configure:6338: checking for uint32_t
configure:6338: gcc -c -I/usr/local/include  -I/usr/local/include  -I/usr/local/include/nemea-common  -I/usr/local/include  -I/usr/local/include  -g -O2  conftest.c >&5
configure:6338: $? = 0
configure:6338: result: yes
configure:6466: checking that generated files are newer than configure
configure:6472: result: done
configure:6499: creating ./config.status

## ---------------- ##
## Cache variables. ##
## ---------------- ##

ac_cv_c_compiler_gnu=yes
ac_cv_c_uint16_t=yes
ac_cv_c_uint32_t=yes
ac_cv_env_CC_set=
ac_cv_env_CC_value=
ac_cv_env_CFLAGS_set=
ac_cv_env_CFLAGS_value=
ac_cv_env_CPPFLAGS_set=
ac_cv_env_CPPFLAGS_value=
ac_cv_env_CPP_set=
ac_cv_env_CPP_value=
ac_cv_env_LDFLAGS_set=
ac_cv_env_LDFLAGS_value=
ac_cv_env_LIBS_set=
ac_cv_env_LIBS_value=
ac_cv_env_PKG_CONFIG_LIBDIR_set=
ac_cv_env_PKG_CONFIG_LIBDIR_value=
ac_cv_env_PKG_CONFIG_PATH_set=
ac_cv_env_PKG_CONFIG_PATH_value=
ac_cv_env_PKG_CONFIG_set=
ac_cv_env_PKG_CONFIG_value=
ac_cv_env_build_alias_set=
ac_cv_env_build_alias_value=
ac_cv_env_host_alias_set=
ac_cv_env_host_alias_value=
ac_cv_env_libtrap_CFLAGS_set=
ac_cv_env_libtrap_CFLAGS_value=
ac_cv_env_libtrap_LIBS_set=
ac_cv_env_libtrap_LIBS_value=
ac_cv_env_nemeacommon_CFLAGS_set=
ac_cv_env_nemeacommon_CFLAGS_value=
ac_cv_env_nemeacommon_LIBS_set=
ac_cv_env_nemeacommon_LIBS_value=
ac_cv_env_target_alias_set=
ac_cv_env_target_alias_value=
ac_cv_env_unirec_CFLAGS_set=
ac_cv_env_unirec_CFLAGS_value=
ac_cv_env_unirec_LIBS_set=
ac_cv_env_unirec_LIBS_value=
ac_cv_func_getopt=yes
ac_cv_func_getopt_long=yes
ac_cv_header_getopt_h=yes
ac_cv_header_inttypes_h=yes
ac_cv_header_memory_h=yes
ac_cv_header_stdc=yes
ac_cv_header_stdint_h=yes
ac_cv_header_stdlib_h=yes
ac_cv_header_string_h=yes
ac_cv_header_strings_h=yes
ac_cv_header_sys_stat_h=yes
ac_cv_header_sys_types_h=yes
ac_cv_header_unistd_h=yes
ac_cv_objext=o
ac_cv_path_EGREP='/bin/grep -E'
ac_cv_path_GREP=/bin/grep
ac_cv_path_UNIRECPROC=/usr/bin/nemea//ur_processor.sh
ac_cv_path_ac_pt_PKG_CONFIG=/usr/bin/pkg-config
ac_cv_path_install='/usr/bin/install -c'
ac_cv_path_mkdir=/bin/mkdir
ac_cv_prog_AWK=gawk
ac_cv_prog_CPP='gcc -E'
ac_cv_prog_ac_ct_CC=gcc
ac_cv_prog_cc_c89=
ac_cv_prog_cc_g=yes
ac_cv_prog_make_make_set=yes
am_cv_CC_dependencies_compiler_type=gcc3
am_cv_make_support_nested_variables=yes
am_cv_prog_cc_c_o=yes
pkg_cv_libtrap_CFLAGS='-I/usr/local/include '
pkg_cv_libtrap_LIBS='-L/usr/local/lib -lssl -lcrypto -lrt -ltrap '
pkg_cv_nemeacommon_CFLAGS='-I/usr/local/include/nemea-common '
pkg_cv_nemeacommon_LIBS='-lnemea-common '
pkg_cv_unirec_CFLAGS='-I/usr/local/include '
pkg_cv_unirec_LIBS='-lunirec '

## ----------------- ##
## Output variables. ##
## ----------------- ##

ACLOCAL='${SHELL} /home/erik/nemea/git_lora_detector/missing aclocal-1.14'
AMDEPBACKSLASH='\'
AMDEP_FALSE='#'
AMDEP_TRUE=''
AMTAR='$${TAR-tar}'
AM_BACKSLASH='\'
AM_DEFAULT_V='$(AM_DEFAULT_VERBOSITY)'
AM_DEFAULT_VERBOSITY='1'
AM_V='$(V)'
AUTOCONF='${SHELL} /home/erik/nemea/git_lora_detector/missing autoconf'
AUTOHEADER='${SHELL} /home/erik/nemea/git_lora_detector/missing autoheader'
AUTOMAKE='${SHELL} /home/erik/nemea/git_lora_detector/missing automake-1.14'
AWK='gawk'
CC='gcc'
CCDEPMODE='depmode=gcc3'
CFLAGS='-I/usr/local/include  -I/usr/local/include  -I/usr/local/include/nemea-common  -I/usr/local/include  -I/usr/local/include  -g -O2'
CPP='gcc -E'
CPPFLAGS=''
CYGPATH_W='echo'
DEFS='-DHAVE_CONFIG_H'
DEPDIR='.deps'
ECHO_C=''
ECHO_N='-n'
ECHO_T=''
EGREP='/bin/grep -E'
EXEEXT=''
GREP='/bin/grep'
INSTALL_DATA='${INSTALL} -m 644'
INSTALL_PROGRAM='${INSTALL}'
INSTALL_SCRIPT='${INSTALL}'
INSTALL_STRIP_PROGRAM='$(install_sh) -c -s'
LDFLAGS='     '
LIBOBJS=''
LIBS='-lunirec  -L/usr/local/lib -lssl -lcrypto -lrt -ltrap  -lnemea-common  -lunirec  -L/usr/local/lib -lssl -lcrypto -lrt -ltrap  '
LTLIBOBJS=''
MAKEINFO='${SHELL} /home/erik/nemea/git_lora_detector/missing makeinfo'
MKDIR_P='/bin/mkdir -p'
OBJEXT='o'
PACKAGE='lora_detector'
PACKAGE_BUGREPORT='gre0071@vsb.cz'
PACKAGE_NAME='lora_detector'
PACKAGE_STRING='lora_detector 1.0.0'
PACKAGE_TARNAME='lora_detector'
PACKAGE_URL=''
PACKAGE_VERSION='1.0.0'
PATH_SEPARATOR=':'
PKG_CONFIG='/usr/bin/pkg-config'
PKG_CONFIG_LIBDIR=''
PKG_CONFIG_PATH=''
SET_MAKE=''
SHELL='/bin/bash'
STRIP=''
UNIRECPROC='/usr/bin/nemea//ur_processor.sh'
UNIREC_INCLUDE=''
UNIREC_LTLIB=''
VERSION='1.0.0'
ac_ct_CC='gcc'
am__EXEEXT_FALSE=''
am__EXEEXT_TRUE='#'
am__fastdepCC_FALSE='#'
am__fastdepCC_TRUE=''
am__include='include'
am__isrc=''
am__leading_dot='.'
am__nodep='_no'
am__quote=''
am__tar='$${TAR-tar} chof - "$$tardir"'
am__untar='$${TAR-tar} xf -'
bindir='${exec_prefix}/bin'
build_alias=''
datadir='${datarootdir}'
datarootdir='${prefix}/share'
docdir='${datarootdir}/doc/${PACKAGE_TARNAME}'
dvidir='${docdir}'
exec_prefix='${prefix}'
host_alias=''
htmldir='${docdir}'
includedir='${prefix}/include'
infodir='${datarootdir}/info'
install_sh='${SHELL} /home/erik/nemea/git_lora_detector/install-sh'
libdir='${exec_prefix}/lib'
libexecdir='${exec_prefix}/libexec'
libtrap_CFLAGS='-I/usr/local/include '
libtrap_LIBS='-L/usr/local/lib -lssl -lcrypto -lrt -ltrap '
localedir='${datarootdir}/locale'
localstatedir='${prefix}/var'
mandir='${datarootdir}/man'
mkdir_p='$(MKDIR_P)'
nemeacommon_CFLAGS='-I/usr/local/include/nemea-common '
nemeacommon_LIBS='-lnemea-common '
oldincludedir='/usr/include'
pdfdir='${docdir}'
prefix='/usr/local'
program_transform_name='s,x,x,'
psdir='${docdir}'
sbindir='${exec_prefix}/sbin'
sharedstatedir='${prefix}/com'
sysconfdir='${prefix}/etc'
target_alias=''
unirec_CFLAGS='-I/usr/local/include '
unirec_LIBS='-lunirec '

## ----------- ##
## confdefs.h. ##
## ----------- ##

/* confdefs.h */
#define PACKAGE_NAME "lora_detector"
#define PACKAGE_TARNAME "lora_detector"
#define PACKAGE_VERSION "1.0.0"
#define PACKAGE_STRING "lora_detector 1.0.0"
#define PACKAGE_BUGREPORT "gre0071@vsb.cz"
#define PACKAGE_URL ""
#define PACKAGE "lora_detector"
#define VERSION "1.0.0"
#define STDC_HEADERS 1
#define HAVE_SYS_TYPES_H 1
#define HAVE_SYS_STAT_H 1
#define HAVE_STDLIB_H 1
#define HAVE_STRING_H 1
#define HAVE_MEMORY_H 1
#define HAVE_STRINGS_H 1
#define HAVE_INTTYPES_H 1
#define HAVE_STDINT_H 1
#define HAVE_UNISTD_H 1
#define HAVE_GETOPT_H 1
#define HAVE_GETOPT_LONG 1
#define HAVE_GETOPT 1
#define TRAP_GETOPT(argc, argv, optstr, longopts) getopt_long(argc, argv, optstr, longopts, NULL)

configure: exit 0

## ---------------------- ##
## Running config.status. ##
## ---------------------- ##

This file was extended by lora_detector config.status 1.0.0, which was
generated by GNU Autoconf 2.69.  Invocation command line was

  CONFIG_FILES    = 
  CONFIG_HEADERS  = 
  CONFIG_LINKS    = 
  CONFIG_COMMANDS = 
  $ ./config.status 

on ttn-gateway

config.status:869: creating Makefile
config.status:869: creating config.h
config.status:1050: config.h is unchanged
config.status:1098: executing depfiles commands

## ---------------------- ##
## Running config.status. ##
## ---------------------- ##

This file was extended by lora_detector config.status 1.0.0, which was
generated by GNU Autoconf 2.69.  Invocation command line was

  CONFIG_FILES    = 
  CONFIG_HEADERS  = 
  CONFIG_LINKS    = 
  CONFIG_COMMANDS = 
  $ ./config.status config.h

on ttn-gateway

config.status:869: creating config.h
config.status:1050: config.h is unchanged
